BubblesMatch/proguard/seeds.txt
hm.roadtogame.bubblesmatch.R$dimen: int abc_action_bar_default_height
hm.roadtogame.bubblesmatch.R$dimen: int abc_action_bar_icon_vertical_padding
hm.roadtogame.bubblesmatch.R$dimen: int abc_action_bar_progress_bar_size
hm.roadtogame.bubblesmatch.R$dimen: int abc_action_bar_stacked_max_height
hm.roadtogame.bubblesmatch.R$dimen: int abc_action_bar_stacked_tab_max_width
hm.roadtogame.bubblesmatch.R$dimen: int abc_action_bar_subtitle_bottom_margin
hm.roadtogame.bubblesmatch.R$dimen: int abc_action_bar_subtitle_text_size
hm.roadtogame.bubblesmatch.R$dimen: int abc_action_bar_subtitle_top_margin
hm.roadtogame.bubblesmatch.R$dimen: int abc_action_bar_title_text_size
hm.roadtogame.bubblesmatch.R$dimen: int abc_action_button_min_width
hm.roadtogame.bubblesmatch.R$dimen: int abc_config_prefDialogWidth
hm.roadtogame.bubblesmatch.R$dimen: int abc_dropdownitem_icon_width
hm.roadtogame.bubblesmatch.R$dimen: int abc_dropdownitem_text_padding_left
hm.roadtogame.bubblesmatch.R$dimen: int abc_dropdownitem_text_padding_right
hm.roadtogame.bubblesmatch.R$dimen: int abc_panel_menu_list_width
hm.roadtogame.bubblesmatch.R$dimen: int abc_search_view_preferred_width
hm.roadtogame.bubblesmatch.R$dimen: int abc_search_view_text_min_width
hm.roadtogame.bubblesmatch.R$dimen: int activity_horizontal_margin
hm.roadtogame.bubblesmatch.R$dimen: int activity_vertical_margin
hm.roadtogame.bubblesmatch.R$dimen: int dialog_fixed_height_major
hm.roadtogame.bubblesmatch.R$dimen: int dialog_fixed_height_minor
hm.roadtogame.bubblesmatch.R$drawable: int abc_ab_bottom_solid_dark_holo
hm.roadtogame.bubblesmatch.R$drawable: int abc_ab_bottom_solid_light_holo
hm.roadtogame.bubblesmatch.R$drawable: int abc_ab_bottom_transparent_dark_holo
hm.roadtogame.bubblesmatch.R$drawable: int abc_ab_bottom_transparent_light_holo
hm.roadtogame.bubblesmatch.R$drawable: int abc_ab_share_pack_holo_dark
hm.roadtogame.bubblesmatch.R$drawable: int abc_ab_share_pack_holo_light
hm.roadtogame.bubblesmatch.R$drawable: int abc_ab_solid_dark_holo
hm.roadtogame.bubblesmatch.R$drawable: int abc_ab_solid_light_holo
hm.roadtogame.bubblesmatch.R$drawable: int abc_ab_stacked_solid_dark_holo
hm.roadtogame.bubblesmatch.R$drawable: int abc_ab_stacked_solid_light_holo
hm.roadtogame.bubblesmatch.R$drawable: int abc_ab_stacked_transparent_dark_holo
hm.roadtogame.bubblesmatch.R$drawable: int abc_ab_stacked_transparent_light_holo
hm.roadtogame.bubblesmatch.R$drawable: int abc_ab_transparent_dark_holo
hm.roadtogame.bubblesmatch.R$drawable: int abc_ab_transparent_light_holo
hm.roadtogame.bubblesmatch.R$drawable: int abc_cab_background_bottom_holo_dark
hm.roadtogame.bubblesmatch.R$drawable: int abc_cab_background_bottom_holo_light
hm.roadtogame.bubblesmatch.R$drawable: int abc_cab_background_top_holo_dark
hm.roadtogame.bubblesmatch.R$drawable: int abc_cab_background_top_holo_light
hm.roadtogame.bubblesmatch.R$drawable: int abc_ic_ab_back_holo_dark
hm.roadtogame.bubblesmatch.R$drawable: int abc_ic_ab_back_holo_light