BubblesMatch/proguard/usage.txt
android.support.v4.widget.SearchViewCompat$SearchViewCompatHoneycombImpl$1
android.support.v4.widget.SearchViewCompat$SearchViewCompatHoneycombImpl$2
android.support.v4.widget.SearchViewCompat$SearchViewCompatIcsImpl
android.support.v4.widget.SearchViewCompat$SearchViewCompatImpl
android.support.v4.widget.SearchViewCompat$SearchViewCompatStubImpl
android.support.v4.widget.SearchViewCompatHoneycomb
android.support.v4.widget.SearchViewCompatHoneycomb$1
android.support.v4.widget.SearchViewCompatHoneycomb$2
android.support.v4.widget.SearchViewCompatHoneycomb$OnCloseListenerCompatBridge
android.support.v4.widget.SearchViewCompatHoneycomb$OnQueryTextListenerCompatBridge
android.support.v4.widget.SearchViewCompatIcs
android.support.v4.widget.SearchViewCompatIcs$MySearchView
android.support.v4.widget.SimpleCursorAdapter
android.support.v4.widget.SimpleCursorAdapter$CursorToStringConverter
android.support.v4.widget.SimpleCursorAdapter$ViewBinder
android.support.v4.widget.SlidingPaneLayout:
    private static final java.lang.String TAG
    private static final int DEFAULT_OVERHANG_SIZE
    private static final int DEFAULT_FADE_COLOR
    private static final int MIN_FLING_VELOCITY
    250:251:public SlidingPaneLayout(android.content.Context)
    254:255:public SlidingPaneLayout(android.content.Context,android.util.AttributeSet)
    258:272:public SlidingPaneLayout(android.content.Context,android.util.AttributeSet,int)
    333:336:void dispatchOnPanelSlide(android.view.View)
    339:343:void dispatchOnPanelOpened(android.view.View)
    346:350:void dispatchOnPanelClosed(android.view.View)
    879:880:public void smoothSlideOpen()
    897:898:public void smoothSlideClosed()
    926:926:public boolean canSlide()
    940:965:private void onPanelDragged(int)
    1221:1240:protected boolean canScroll(android.view.View,boolean,int,int,int)
    89:89:static synthetic boolean access$100(android.support.v4.widget.SlidingPaneLayout)
    89:89:static synthetic android.support.v4.widget.ViewDragHelper access$200(android.support.v4.widget.SlidingPaneLayout)
    89:89:static synthetic float access$300(android.support.v4.widget.SlidingPaneLayout)
    89:89:static synthetic android.view.View access$400(android.support.v4.widget.SlidingPaneLayout)
    89:89:static synthetic boolean access$502(android.support.v4.widget.SlidingPaneLayout,boolean)
    89:89:static synthetic void access$600(android.support.v4.widget.SlidingPaneLayout,int)
android.support.v4.widget.SlidingPaneLayout$AccessibilityDelegate
android.support.v4.widget.SlidingPaneLayout$DragHelperCallback
android.support.v4.widget.SlidingPaneLayout$LayoutParams:
    1420:1421:public SlidingPaneLayout$LayoutParams(int,int)
    1432:1434:public SlidingPaneLayout$LayoutParams(android.support.v4.widget.SlidingPaneLayout$LayoutParams)
android.support.v4.widget.SlidingPaneLayout$PanelSlideListener:
    public abstract void onPanelSlide(android.view.View,float)
    public abstract void onPanelOpened(android.view.View)
    public abstract void onPanelClosed(android.view.View)
android.support.v4.widget.SlidingPaneLayout$SimplePanelSlideListener
android.support.v4.widget.SwipeProgressBar
android.support.v4.widget.SwipeRefreshLayout
android.support.v4.widget.SwipeRefreshLayout$1
android.support.v4.widget.SwipeRefreshLayout$2
android.support.v4.widget.SwipeRefreshLayout$3
android.support.v4.widget.SwipeRefreshLayout$4
android.support.v4.widget.SwipeRefreshLayout$5
android.support.v4.widget.SwipeRefreshLayout$6
android.support.v4.widget.SwipeRefreshLayout$BaseAnimationListener
android.support.v4.widget.SwipeRefreshLayout$OnRefreshListener